Info: : 1015 mini-second(s) publishing element CustomCategory:MVP[Product Planning\customcategories\MVP_CD152F67.html]
Info: CustomCategory:MVP: 1017 mini seconds publishing element
Info: CustomCategory:produto_de_trabalho: 41 mini seconds publishing element
Info: Artifact:requisitos_funcionais: 67 mini seconds publishing element
Info: Artifact:requisitos_no_funcionais: 36 mini seconds publishing element
Info: Artifact:definicao_de_escopo: 88 mini seconds publishing element
Info: Artifact:definio_de_funcionalidades: 37 mini seconds publishing element
Info: Artifact:termo_de_abertura_do_projeto: 40 mini seconds publishing element
Info: Artifact:cronograma_do_projeto: 36 mini seconds publishing element
Info: Artifact:plano_de_gerenciamento_das_comunicacoes: 35 mini seconds publishing element
Info: Artifact:requisitos_da_qualidade: 36 mini seconds publishing element
Info: Artifact:desenho_da_arquitetura: 965 mini seconds publishing element
Info: SupportingMaterial:diagrama_da_arquitetura: 187 mini seconds publishing element
Info: Artifact:desenho_do_bando_de_dados: 40 mini seconds publishing element
Info: Artifact:documentao_do_banco_de_dados: 39 mini seconds publishing element
Info: Artifact:design_do_prottipo: 40 mini seconds publishing element
Info: CustomCategory:tarefas: 50 mini seconds publishing element
Info: Task:definio_de_requisitos: 183 mini seconds publishing element
Info: Task:reuniao_com_o_cliente: 44 mini seconds publishing element
Info: Task:delineamento_da_abrangncia: 52 mini seconds publishing element
Info: Task:delineamento_da_funcionalidades: 334 mini seconds publishing element
Info: Task:delineamento_do_objetivo: 41 mini seconds publishing element
Info: Task:controle_do_projeto: 43 mini seconds publishing element
Info: Task:plano_de_execucao: 45 mini seconds publishing element
Info: Task:analise_de_demanda: 47 mini seconds publishing element
Info: Task:planejamento_na_arquitetura: 42 mini seconds publishing element
Info: Task:definir_da_arquitetura_da_aplicacao: 36 mini seconds publishing element
Info: Task:definir_estrutura_de_dados: 35 mini seconds publishing element
Info: Task:desenho_bsico_da_interface: 40 mini seconds publishing element
Info: Task:retratar_toda_a_arquitetura: 39 mini seconds publishing element
Info: CustomCategory:papeis: 45 mini seconds publishing element
Info: Role:gerente_de_projetos: 272 mini seconds publishing element
Info: Role:gerente_de_projeto: 279 mini seconds publishing element
Info: Role:arquiteto: 92 mini seconds publishing element
Info: Role:designer_de_interacao: 129 mini seconds publishing element
Info: Role:gerente_de_produto: 89 mini seconds publishing element
Info: Role:gerente_de_projeto: 79 mini seconds publishing element
Info: Role:arquiteto: 66 mini seconds publishing element
Info: Role:arquiteto: 83 mini seconds publishing element
Info: Role:programador: 81 mini seconds publishing element
Info: Role:designer_de_interacao: 83 mini seconds publishing element
Info: CustomCategory:orientacoes: 37 mini seconds publishing element
Info: Checklist:analise_de_requisitos: 68 mini seconds publishing element
Info: Report:elaboracao_da_ata: 41 mini seconds publishing element
Info: Whitepaper:documentacao: 119 mini seconds publishing element
Info: Discipline:1.1_analise_de_requisitos: 43 mini seconds publishing element
Info: Discipline:1.2_definicao_de_produto: 37 mini seconds publishing element
Info: Discipline:1.3_planejamento_do_projeto: 42 mini seconds publishing element
Info: Discipline:1.4_arquitetura_do_servidor: 35 mini seconds publishing element
Info: Discipline:1.5_arquitetura_da_aplicao: 35 mini seconds publishing element
Info: Discipline:1.6_design_do_prottipo: 37 mini seconds publishing element
Info: : Publishing time: 0 minutes 15 seconds
